<?xml version="1.0" encoding="UTF-8"?>
<!-- Generated by org.testng.reporters.JUnitReportReporter -->
<testsuite hostname="DESKTOP-3KESFVB" failures="0" tests="1" name="TestBase.Base" time="9.130" errors="0" timestamp="2024-08-08T20:01:46 IST" skipped="0">
  <testcase classname="TestBase.Base" name="setUp" time="9.130"/>
  <system-out/>
</testsuite> <!-- TestBase.Base -->
